<?xml version="1.0" encoding="UTF-8"?>
<!-- Generated by org.testng.reporters.JUnitReportReporter -->
<testsuite hostname="DESKTOP-K017GG9" failures="0" tests="1" name="adnadu.TestCase1_2" time="28.645" errors="0" timestamp="2023-12-19T11:20:28 IST" skipped="0">
  <testcase classname="adnadu.TestCase1_2" name="runtestcase1_2" time="28.645"/>
  <system-out/>
</testsuite> <!-- adnadu.TestCase1_2 -->
