<?xml version="1.0" encoding="UTF-8"?>
<!-- Generated by org.testng.reporters.JUnitReportReporter -->
<testsuite hostname="DESKTOP-K017GG9" failures="0" tests="1" name="adnadu.Testcase4_1" time="38.653" errors="0" timestamp="2023-12-19T11:20:28 IST" skipped="0">
  <testcase classname="adnadu.Testcase4_1" name="runtestcase4_1" time="38.653"/>
  <system-out/>
</testsuite> <!-- adnadu.Testcase4_1 -->
