<?xml version="1.0" encoding="UTF-8"?>
<!-- Generated by org.testng.reporters.JUnitReportReporter -->
<testsuite hostname="DESKTOP-K017GG9" failures="0" tests="1" name="adnadu.Testcase4_2" time="11.445" errors="0" timestamp="2023-12-19T12:46:34 IST" skipped="0">
  <testcase classname="adnadu.Testcase4_2" name="runtestcase4_2" time="11.445"/>
  <system-out/>
</testsuite> <!-- adnadu.Testcase4_2 -->
