<?xml version="1.0" encoding="UTF-8"?>
<!-- Generated by org.testng.reporters.JUnitReportReporter -->
<testsuite hostname="DESKTOP-K017GG9" failures="0" tests="1" name="adnadu.Testcase3_1" time="30.725" errors="0" timestamp="2023-12-19T11:20:28 IST" skipped="0">
  <testcase classname="adnadu.Testcase3_1" name="runtestcase3_1" time="30.725"/>
  <system-out/>
</testsuite> <!-- adnadu.Testcase3_1 -->
