<?xml version="1.0" encoding="UTF-8"?>
<!-- Generated by org.testng.reporters.JUnitReportReporter -->
<testsuite hostname="DESKTOP-K017GG9" failures="0" tests="1" name="adnadu.Testcase1_1" time="37.640" errors="0" timestamp="2023-12-19T13:48:05 IST" skipped="0">
  <testcase classname="adnadu.Testcase1_1" name="runtestcase1_1" time="37.640"/>
  <system-out/>
</testsuite> <!-- adnadu.Testcase1_1 -->
