<?xml version="1.0" encoding="UTF-8"?>
<!-- Generated by org.testng.reporters.JUnitReportReporter -->
<testsuite hostname="DESKTOP-K017GG9" failures="0" tests="1" name="adnadu.Testcase2_1" time="7.191" errors="0" timestamp="2023-12-19T13:48:24 IST" skipped="0">
  <testcase classname="adnadu.Testcase2_1" name="runtestcase2_1" time="7.191"/>
  <system-out/>
</testsuite> <!-- adnadu.Testcase2_1 -->
